<?xml version="1.0" encoding="UTF-8"?>
<testng-results ignored="0" total="1" passed="1" failed="0" skipped="0">
  <reporter-output>
  </reporter-output>
  <suite started-at="2024-07-07T14:00:22 CDT" name="Surefire suite" finished-at="2024-07-07T14:00:47 CDT" duration-ms="24803">
    <groups>
      <group name="cucumber">
        <method signature="AbstractTestNGCucumberTests.runScenario(io.cucumber.testng.PickleWrapper,io.cucumber.testng.FeatureWrapper)[pri:0, instance:cucumberfeatures.TestNGTestRunner@2ea6137]" name="runScenario" class="io.cucumber.testng.AbstractTestNGCucumberTests"/>
      </group> <!-- cucumber -->
    </groups>
    <test started-at="2024-07-07T14:00:22 CDT" name="Surefire test" finished-at="2024-07-07T14:00:47 CDT" duration-ms="24803">
      <class name="cucumberfeatures.TestNGTestRunner">
        <test-method is-config="true" signature="setUpClass(org.testng.ITestContext)[pri:0, instance:cucumberfeatures.TestNGTestRunner@2ea6137]" started-at="2024-07-07T14:00:22 CDT" name="setUpClass" finished-at="2024-07-07T14:00:23 CDT" duration-ms="1006" status="PASS">
          <params>
            <param index="0">
              <value>
                <![CDATA[org.testng.TestRunner@2f66f0d0]]>
              </value>
            </param>
          </params>
          <reporter-output>
          </reporter-output>
        </test-method> <!-- setUpClass -->
        <test-method signature="runScenario(io.cucumber.testng.PickleWrapper,io.cucumber.testng.FeatureWrapper)[pri:0, instance:cucumberfeatures.TestNGTestRunner@2ea6137]" started-at="2024-07-07T14:00:23 CDT" name="runScenario" description="Runs Cucumber Scenarios" data-provider="scenarios" finished-at="2024-07-07T14:00:47 CDT" duration-ms="23656" status="PASS">
          <params>
            <param index="0">
              <value>
                <![CDATA[""]]>
              </value>
            </param>
            <param index="1">
              <value>
                <![CDATA["Retrieve the error message in the login form"]]>
              </value>
            </param>
          </params>
          <reporter-output>
          </reporter-output>
        </test-method> <!-- runScenario -->
        <test-method is-config="true" signature="tearDownClass()[pri:0, instance:cucumberfeatures.TestNGTestRunner@2ea6137]" started-at="2024-07-07T14:00:47 CDT" name="tearDownClass" finished-at="2024-07-07T14:00:47 CDT" duration-ms="51" status="PASS">
          <reporter-output>
          </reporter-output>
        </test-method> <!-- tearDownClass -->
      </class> <!-- cucumberfeatures.TestNGTestRunner -->
    </test> <!-- Surefire test -->
  </suite> <!-- Surefire suite -->
</testng-results>
