<?xml version="1.0" encoding="UTF-8"?>
<!-- Generated by org.testng.reporters.JUnitXMLReporter -->
<testsuite ignored="0" hostname="Jareds-MacBook-Air.local" failures="0" tests="3" name="LoginTest" time="172.595" errors="0" timestamp="2024-07-06T22:15:37 CDT">
  <testcase classname="Login.ErrorValidationsTest" name="getLoginErrorMessage" time="71.084">
    <skipped/>
  </testcase> <!-- getLoginErrorMessage -->
  <testcase classname="Login.ErrorValidationsTest" name="getLoginErrorMessage" time="5.025"/>
  <testcase classname="Login.ErrorValidationsTest" name="verifyProductName" time="37.729"/>
</testsuite> <!-- LoginTest -->
