<?xml version="1.0" encoding="UTF-8"?>
<!-- Generated by org.testng.reporters.JUnitXMLReporter -->
<testsuite ignored="0" hostname="Jareds-MacBook-Air.local" failures="0" tests="3" name="Submit Order Test" time="190.981" errors="0" timestamp="2024-07-06T22:15:55 CDT">
  <testcase classname="Orders.SumbitOrderTest" name="submitOrder" time="51.421"/>
  <testcase classname="Orders.SumbitOrderTest" name="submitOrder" time="63.388"/>
  <testcase classname="Orders.SumbitOrderTest" name="orderHistoryTest" time="17.448"/>
</testsuite> <!-- Submit Order Test -->
